<?xml version="1.0" encoding="UTF-8"?>
<testsuite xmlns:xsi="http://www.w3.org/2001/XMLSchema-instance" xsi:noNamespaceSchemaLocation="https://maven.apache.org/surefire/maven-surefire-plugin/xsd/surefire-test-report.xsd" name="com.leyou.upload.FdsTest" time="2.809" tests="2" errors="0" skipped="0" failures="0">
  <properties>
[...]
</properties>
  <testcase name="testUploadAndCreateThumb" classname="com.leyou.upload.FdsTest" time="0.76"/>
  <testcase name="testUpload" classname="com.leyou.upload.FdsTest" time="0.023"/>
</testsuite>